<?xml version="1.0" encoding="UTF-8"?>
<testsuite xmlns:xsi="http://www.w3.org/2001/XMLSchema-instance" xsi:noNamespaceSchemaLocation="https://maven.apache.org/surefire/maven-surefire-plugin/xsd/surefire-test-report-3.0.xsd" version="3.0" name="runner.HamburgueriaRun" time="0.472" tests="2" errors="0" skipped="0" failures="1">
  <properties>
[...]
</properties>
  <testcase name="Cliente faz um pedido válido" classname="Pedido de hambúrguer" time="0.093"/>
  <testcase name="Cliente pede um hambúrguer que não existe" classname="Pedido de hambúrguer" time="0.008">
    <failure message="expected:&lt;[Desculpe, o hambúrguer não está disponível]&gt; but was:&lt;[Pedido confirmado: X-Salada]&gt;" type="org.junit.ComparisonFailure"><![CDATA[org.junit.ComparisonFailure: expected:<[Desculpe, o hambúrguer não está disponível]> but was:<[Pedido confirmado: X-Salada]>
	at org.junit.Assert.assertEquals(Assert.java:117)
	at org.junit.Assert.assertEquals(Assert.java:146)
	at steps.PedidoSteps.o_sistema_deve_informar_que_o_hamburguer_nao_esta_disponivel(PedidoSteps.java:34)
	at ✽.o sistema deve informar que o hambúrguer não está disponível(file:///C:/Users/422210516/Documents/NetBeansProjects/hamburgueria1/src/test/resources/pedido.feature:13)
]]></failure>
  </testcase>
</testsuite>